Loading required package: MASS
Loading required package: grid
Loading required package: MASS
Loading required package: MASS
Loading required package: MASS
Loading required package: colorspace
Loading required package: MASS
Loading required package: MASS
Loading required package: grid
Loading required package: grid
Loading required package: grid
Loading required package: grid
Loading required package: grid
Loading required package: colorspace
Loading required package: colorspace
Loading required package: colorspace
Loading required package: colorspace
Loading required package: colorspace
Loading required package: lattice
Loading required package: lattice
Loading required package: lattice
Loading required package: lattice
Loading required package: lattice
Loading required package: lattice
ackage: colorspace
Loading required package: colorspace
Loading required package: colorspace
Loading required package: lattice
Loading required package: lattice
Loading required package: lattice
Loading required package: lattice
Loading required package: lattice
Loading required package: lattice
Loading required package: lattice
Loading required package: lattice
Loading required package: lattice
Loading required package: MASS
Loading required package: MASS
Loading required package: MASS
Loading required package: grid
Loading required package: grid
Loading required package: grid
Loading required package: MASS
Loading required package: colorspace
Loading required package: colorspace
Loading required package: colorspace
Loading required package: MASS
Loading required package: grid
Loading required package: grid
Loading required package: colorspace
Loading required package: MASS
Loading required package: MASS
Loading required package: MASS
Loading required package: colorspace
Loading required package: MASS
Loading required package: MASS
Loading required package: grid
Loading required package: grid
Loading required package: grid
Loading required package: MASS
Loading required package: MASS
Loading required package: MASS
Loading required package: MASS
Loading required package: MASS
Loading required package: lattice
Loading required package: grid
Loading required package: grid
Loading required package: colorspace
Loading required package: colorspace
Loading required package: colorspace
Loading required package: lattice
Loading required package: grid
Loading required package: grid
Loading required package: lattice
Loading required package: grid
Loading required package: grid
Loading required package: grid
Loading required package: colorspace
Loading required package: colorspace
Loading required package: colorspace
Loading required package: colorspace
Loading required package: colorspace
Loading required package: colorspace
Loading required package: colorspace
Loading required package: lattice
Loading required package: lattice
Loading required package: lattice
Loading required package: lattice
Loading required package: lattice
Loading required package: lattice
Loading required package: lattice
Loading required package: lattice
Loading required package: lattice
Loading required package: lattice
Loading required package: lattice
Loading required package: lattice
